[ 2015-11-14T15:57:40+08:00 ] ::1 /web/icon/_avatar_big.jpg
INFO: [ app_init ] --START--
INFO: Run Behavior\BuildLiteBehavior [ RunTime:0.000598s ]
INFO: [ app_init ] --END-- [ RunTime:0.004617s ]
ERR: 无法加载模块:Icon

[ 2015-11-14T15:57:41+08:00 ] ::1 /web/Uploads/Shop/license/55d163994d3a1.png
INFO: [ app_init ] --START--
INFO: Run Behavior\BuildLiteBehavior [ RunTime:0.001030s ]
INFO: [ app_init ] --END-- [ RunTime:0.004575s ]
ERR: 无法加载模块:Uploads

[ 2015-11-14T15:57:41+08:00 ] ::1 /web/Uploads/System/Image/553f5e0e33c5e.gif
INFO: [ app_init ] --START--
INFO: Run Behavior\BuildLiteBehavior [ RunTime:0.000469s ]
INFO: [ app_init ] --END-- [ RunTime:0.004522s ]
ERR: 无法加载模块:Uploads

[ 2015-11-14T15:57:41+08:00 ] ::1 /web/icon/_avatar_big.jpg
INFO: [ app_init ] --START--
INFO: Run Behavior\BuildLiteBehavior [ RunTime:0.000500s ]
INFO: [ app_init ] --END-- [ RunTime:0.005428s ]
ERR: 无法加载模块:Icon

[ 2015-11-14T15:57:41+08:00 ] ::1 /web/Uploads/Shop/license/55d2a6c313f6a.jpg
INFO: [ app_init ] --START--
INFO: Run Behavior\BuildLiteBehavior [ RunTime:0.001137s ]
INFO: [ app_init ] --END-- [ RunTime:0.006791s ]
ERR: 无法加载模块:Uploads

[ 2015-11-14T15:57:41+08:00 ] ::1 /web/Uploads/Shop/license/55cab33776e5e.jpg
INFO: [ app_init ] --START--
INFO: Run Behavior\BuildLiteBehavior [ RunTime:0.003677s ]
INFO: [ app_init ] --END-- [ RunTime:0.008671s ]
ERR: 无法加载模块:Uploads

[ 2015-11-14T15:57:41+08:00 ] ::1 /web/Uploads/Shop/license/55cc8076527c3.jpg
INFO: [ app_init ] --START--
INFO: Run Behavior\BuildLiteBehavior [ RunTime:0.000541s ]
INFO: [ app_init ] --END-- [ RunTime:0.004348s ]
ERR: 无法加载模块:Uploads

